# Logfile created on 2022-01-05 19:12:00 +0300 by logger.rb/66358
I, [2022-01-05T19:12:05.930063 #2577]  INFO -- : Running example 'Verifying a pact between foo and bar Given I get pongs array amounf of sent ping count  A post request with ping count with POST /ping returns a response which has status code 200'
I, [2022-01-05T19:12:05.942175 #2577]  INFO -- : Sending POST request to path: "/ping" with headers: {"CONTENT_TYPE"=>"application/json", "HTTP_X_PACT_ORIGINAL_HEADER_NAMES"=>"Content-Type", "X_PACT_PROVIDER_STATES"=>[{"name"=>"I get pongs array amounf of sent ping count "}]}, see debug logs for body
D, [2022-01-05T19:12:05.942258 #2577] DEBUG -- : body :{"times":3}
I, [2022-01-05T19:12:05.954397 #2577]  INFO -- : Received response with status: 502, headers: {"Date"=>"Wed, 05 Jan 2022 16:12:05 GMT", "Content-Length"=>"0"}, see debug logs for body
D, [2022-01-05T19:12:05.954468 #2577] DEBUG -- : body: 
I, [2022-01-05T19:12:09.357613 #2577]  INFO -- : Running example 'Verifying a pact between foo and bar Given I get pongs array amounf of sent ping count  A post request with ping count with POST /ping returns a response which has status code 200'
I, [2022-01-05T19:12:09.374250 #2577]  INFO -- : Sending POST request to path: "/ping" with headers: {"CONTENT_TYPE"=>"application/json", "HTTP_X_PACT_ORIGINAL_HEADER_NAMES"=>"Content-Type", "X_PACT_PROVIDER_STATES"=>[{"name"=>"I get pongs array amounf of sent ping count "}]}, see debug logs for body
D, [2022-01-05T19:12:09.374439 #2577] DEBUG -- : body :{"times":3}
I, [2022-01-05T19:12:09.378380 #2577]  INFO -- : Received response with status: 502, headers: {"Date"=>"Wed, 05 Jan 2022 16:12:09 GMT", "Content-Length"=>"0"}, see debug logs for body
D, [2022-01-05T19:12:09.378489 #2577] DEBUG -- : body: 
I, [2022-01-05T19:13:21.414112 #2616]  INFO -- : Running example 'Verifying a pact between foo and bar Given I get pongs array amounf of sent ping count  A post request with ping count with POST /ping returns a response which has status code 200'
I, [2022-01-05T19:13:21.424532 #2616]  INFO -- : Sending POST request to path: "/ping" with headers: {"CONTENT_TYPE"=>"application/json", "HTTP_X_PACT_ORIGINAL_HEADER_NAMES"=>"Content-Type", "X_PACT_PROVIDER_STATES"=>[{"name"=>"I get pongs array amounf of sent ping count "}]}, see debug logs for body
D, [2022-01-05T19:13:21.424595 #2616] DEBUG -- : body :{"times":3}
I, [2022-01-05T19:13:21.433294 #2616]  INFO -- : Received response with status: 502, headers: {"Date"=>"Wed, 05 Jan 2022 16:13:21 GMT", "Content-Length"=>"0"}, see debug logs for body
D, [2022-01-05T19:13:21.433348 #2616] DEBUG -- : body: 
I, [2022-01-05T19:13:24.469850 #2616]  INFO -- : Running example 'Verifying a pact between foo and bar Given I get pongs array amounf of sent ping count  A post request with ping count with POST /ping returns a response which has status code 200'
I, [2022-01-05T19:13:24.479561 #2616]  INFO -- : Sending POST request to path: "/ping" with headers: {"CONTENT_TYPE"=>"application/json", "HTTP_X_PACT_ORIGINAL_HEADER_NAMES"=>"Content-Type", "X_PACT_PROVIDER_STATES"=>[{"name"=>"I get pongs array amounf of sent ping count "}]}, see debug logs for body
D, [2022-01-05T19:13:24.479631 #2616] DEBUG -- : body :{"times":3}
I, [2022-01-05T19:13:24.481288 #2616]  INFO -- : Received response with status: 502, headers: {"Date"=>"Wed, 05 Jan 2022 16:13:24 GMT", "Content-Length"=>"0"}, see debug logs for body
D, [2022-01-05T19:13:24.481333 #2616] DEBUG -- : body: 
I, [2022-01-05T19:22:46.419746 #2727]  INFO -- : Running example 'Verifying a pact between foo and bar Given I get pongs array amounf of sent ping count  A post request with ping count with POST /ping returns a response which has status code 200'
I, [2022-01-05T19:22:46.430357 #2727]  INFO -- : Sending POST request to path: "/ping" with headers: {"CONTENT_TYPE"=>"application/json", "HTTP_X_PACT_ORIGINAL_HEADER_NAMES"=>"Content-Type", "X_PACT_PROVIDER_STATES"=>[{"name"=>"I get pongs array amounf of sent ping count "}]}, see debug logs for body
D, [2022-01-05T19:22:46.430421 #2727] DEBUG -- : body :{"times":3}
I, [2022-01-05T19:22:46.439514 #2727]  INFO -- : Received response with status: 200, headers: {"Access-Control-Allow-Origin"=>"*", "Content-Length"=>"32", "Content-Type"=>"application/json", "Date"=>"Wed, 05 Jan 2022 16:22:45 GMT", "Vary"=>"Origin"}, see debug logs for body
D, [2022-01-05T19:22:46.439559 #2727] DEBUG -- : body: {"pongs":["pong","pong","pong"]}
I, [2022-01-05T19:22:49.407554 #2727]  INFO -- : Running example 'Verifying a pact between foo and bar Given I get pongs array amounf of sent ping count  A post request with ping count with POST /ping returns a response which has status code 200'
I, [2022-01-05T19:22:49.422585 #2727]  INFO -- : Sending POST request to path: "/ping" with headers: {"CONTENT_TYPE"=>"application/json", "HTTP_X_PACT_ORIGINAL_HEADER_NAMES"=>"Content-Type", "X_PACT_PROVIDER_STATES"=>[{"name"=>"I get pongs array amounf of sent ping count "}]}, see debug logs for body
D, [2022-01-05T19:22:49.422660 #2727] DEBUG -- : body :{"times":3}
I, [2022-01-05T19:22:49.424597 #2727]  INFO -- : Received response with status: 200, headers: {"Access-Control-Allow-Origin"=>"*", "Content-Length"=>"32", "Content-Type"=>"application/json", "Date"=>"Wed, 05 Jan 2022 16:22:48 GMT", "Vary"=>"Origin"}, see debug logs for body
D, [2022-01-05T19:22:49.424655 #2727] DEBUG -- : body: {"pongs":["pong","pong","pong"]}
